C51 COMPILER V9.60.0.0   1SECOND_DELAY_SOFTWARE_                                           08/26/2023 23:13:20 PAGE 1   


C51 COMPILER V9.60.0.0, COMPILATION OF MODULE 1SECOND_DELAY_SOFTWARE_
OBJECT MODULE PLACED IN .\Objects\1Second delay(software).obj
COMPILER INVOKED BY: C:\Keil_v5\C51\BIN\C51.EXE 1Second delay(software).c OPTIMIZE(8,SPEED) BROWSE DEBUG OBJECTEXTEND PR
                    -INT(.\Listings\1Second delay(software).lst) TABS(2) OBJECT(.\Objects\1Second delay(software).obj)

line level    source

   1          /*
   2           * AT89S52 Microcontroller - 1 Second LED Blink
   3           * Developer: [Your Name]
   4           * Date: August 26, 2023
   5           * Project: 1 Second LED Blink
   6           * Copyright: This code is provided for free and open use.
   7           * License: MIT License
   8           */
   9          
  10          #include <regx51.h>  // Include the header file for AT89S52
  11          
  12          sbit LED = P2^0;  // Define LED as a bit variable corresponding to P2.0
  13          
  14          // Function to introduce a delay in milliseconds
  15          // This function uses nested loops to create a software delay
  16          // The exact delay introduced depends on the oscillator frequency
  17          // Adjusting the inner loop count adjusts the delay duration
  18          void delay(unsigned int msec) {
  19   1          unsigned int i, j;
  20   1          for (i = 0; i < msec; i++) {
  21   2              for (j = 0; j < 115; j++) {
  22   3                  // Nested loop to introduce the delay
  23   3                  // The value of 115 is selected based on experimentation
  24   3                  // It's adjusted for an approximate 1-second delay
  25   3                  // The actual delay duration might vary due to various factors
  26   3              }
  27   2          }
  28   1      }
  29          
  30          // The main function is the starting point of the program
  31          void main() {
  32   1          // Initialize LED to the off state (logic 0)
  33   1          LED = 0;
  34   1      
  35   1          // Infinite loop to continuously blink the LED
  36   1          while (1) {
  37   2              // Turn on the LED at P2.0 by setting it to logic 1
  38   2              LED = 1;
  39   2      
  40   2              // Introduce a delay of 1000 milliseconds (1 second)
  41   2              delay(1000);
  42   2      
  43   2              // Turn off the LED at P2.0 by setting it to logic 0
  44   2              LED = 0;
  45   2      
  46   2              // Introduce another delay of 1000 milliseconds (1 second)
  47   2              delay(1000);
  48   2      
  49   2              // The LED will blink on and off at a 1-second interval
  50   2              // This loop runs indefinitely, ensuring continuous blinking
  51   2          }
  52   1      }


C51 COMPILER V9.60.0.0   1SECOND_DELAY_SOFTWARE_                                           08/26/2023 23:13:20 PAGE 2   

MODULE INFORMATION:   STATIC OVERLAYABLE
   CODE SIZE        =     50    ----
   CONSTANT SIZE    =   ----    ----
   XDATA SIZE       =   ----    ----
   PDATA SIZE       =   ----    ----
   DATA SIZE        =   ----    ----
   IDATA SIZE       =   ----    ----
   BIT SIZE         =   ----    ----
END OF MODULE INFORMATION.


C51 COMPILATION COMPLETE.  0 WARNING(S),  0 ERROR(S)
